This file contains any messages produced by compilers while
running configure, to aid debugging if configure makes a mistake.

It was created by tk configure 8.5, which was
generated by GNU Autoconf 2.59.  Invocation command line was

  $ ./configure --enable-gcc --disable-shared --disable-xft --disable-xss --prefix=/home/Noureddine/ns-allinone-2.35-RC7

## --------- ##
## Platform. ##
## --------- ##

hostname = nourdine-68b549
uname -m = i686
uname -r = 1.7.9(0.237/5/3)
uname -s = CYGWIN_NT-5.1
uname -v = 2011-03-29 10:10

/usr/bin/uname -p = unknown
/bin/uname -X     = unknown

/bin/arch              = i686
/usr/bin/arch -k       = unknown
/usr/convex/getsysinfo = unknown
hostinfo               = unknown
/bin/machine           = unknown
/usr/bin/oslevel       = unknown
/bin/universe          = unknown

PATH: /home/Noureddine/ns-allinone-2.35-RC7/bin
PATH: /usr/local/bin
PATH: /usr/bin
PATH: /cygdrive/l/oracle/product/10.2.0/db_2/bin
PATH: /cygdrive/c/WINDOWS/system32
PATH: /cygdrive/c/WINDOWS
PATH: /cygdrive/c/WINDOWS/System32/Wbem
PATH: /cygdrive/c/Program Files/Microsoft SQL Server/90/Tools/binn
PATH: /cygdrive/c/Program Files/GTK2-Runtime/bin
PATH: /cygdrive/c/Program Files/Microsoft Compute Cluster Pack/Bin
PATH: /cygdrive/c/Program Files/QuickTime/QTSystem
PATH: /cygdrive/c/PROGRA~1/Druide/Antidote/Antidote


## ----------- ##
## Core tests. ##
## ----------- ##

configure:1365: checking for Tcl configuration
configure:1468: result: found /home/Noureddine/ns-allinone-2.35-RC7/tcl8.5.8/unix/tclConfig.sh
configure:1474: checking for existence of /home/Noureddine/ns-allinone-2.35-RC7/tcl8.5.8/unix/tclConfig.sh
configure:1478: result: loading
configure:1544: checking for tclsh
configure:1568: result: /home/Noureddine/ns-allinone-2.35-RC7/bin/tclsh8.5.exe
configure:1579: checking for tclsh in Tcl build directory
configure:1582: result: /home/Noureddine/ns-allinone-2.35-RC7/tcl8.5.8/unix/tclsh
configure:1616: checking whether to use symlinks for manpages
configure:1625: result: no
configure:1628: checking whether to compress the manpages
configure:1643: result: no
configure:1657: checking whether to add a package name suffix for the manpages
configure:1670: result: no
configure:1732: checking for gcc
configure:1748: found /usr/bin/gcc
configure:1758: result: gcc
configure:2002: checking for C compiler version
configure:2005: gcc --version </dev/null >&5
gcc (GCC) 4.3.4 20090804 (release) 1
Copyright (C) 2008 Free Software Foundation, Inc.
This is free software; see the source for copying conditions.  There is NO
warranty; not even for MERCHANTABILITY or FITNESS FOR A PARTICULAR PURPOSE.

configure:2008: $? = 0
configure:2010: gcc -v </dev/null >&5
Using built-in specs.
Target: i686-pc-cygwin
Configured with: /gnu/gcc/releases/respins/4.3.4-4/gcc4-4.3.4-4/src/gcc-4.3.4/configure --srcdir=/gnu/gcc/releases/respins/4.3.4-4/gcc4-4.3.4-4/src/gcc-4.3.4 --prefix=/usr --exec-prefix=/usr --bindir=/usr/bin --sbindir=/usr/sbin --libexecdir=/usr/lib --datadir=/usr/share --localstatedir=/var --sysconfdir=/etc --infodir=/usr/share/info --mandir=/usr/share/man -C --datadir=/usr/share --infodir=/usr/share/info --mandir=/usr/share/man -v --with-gmp=/usr --with-mpfr=/usr --enable-bootstrap --enable-version-specific-runtime-libs --with-slibdir=/usr/bin --libexecdir=/usr/lib --enable-static --enable-shared --enable-shared-libgcc --disable-__cxa_atexit --with-gnu-ld --with-gnu-as --with-dwarf2 --disable-sjlj-exceptions --enable-languages=ada,c,c++,fortran,java,objc,obj-c++ --disable-symvers --enable-libjava --program-suffix=-4 --enable-libgomp --enable-libssp --enable-libada --enable-threads=posix --with-arch=i686 --with-tune=generic --enable-libgcj-sublibs CC=gcc-4 CXX=g++-4 CC_FOR_TARGET=gcc-4 CXX_FOR_TARGET=g++-4 GNATMAKE_FOR_TARGET=gnatmake GNATBIND_FOR_TARGET=gnatbind --with-ecj-jar=/usr/share/java/ecj.jar
Thread model: posix
gcc version 4.3.4 20090804 (release) 1 (GCC) 
configure:2013: $? = 0
configure:2015: gcc -V </dev/null >&5
gcc: '-V' option must have argument
configure:2018: $? = 1
configure:2041: checking for C compiler default output file name
configure:2044: gcc    conftest.c  >&5
configure:2047: $? = 0
configure:2093: result: a.exe
configure:2098: checking whether the C compiler works
configure:2104: ./a.exe
configure:2107: $? = 0
configure:2124: result: yes
configure:2131: checking whether we are cross compiling
configure:2133: result: no
configure:2136: checking for suffix of executables
configure:2138: gcc -o conftest.exe    conftest.c  >&5
configure:2141: $? = 0
configure:2166: result: .exe
configure:2172: checking for suffix of object files
configure:2193: gcc -c   conftest.c >&5
configure:2196: $? = 0
configure:2218: result: o
configure:2222: checking whether we are using the GNU C compiler
configure:2246: gcc -c   conftest.c >&5
configure:2252: $? = 0
configure:2256: test -z 
			 || test ! -s conftest.err
configure:2259: $? = 0
configure:2262: test -s conftest.o
configure:2265: $? = 0
configure:2278: result: yes
configure:2284: checking whether gcc accepts -g
configure:2305: gcc -c -g  conftest.c >&5
configure:2311: $? = 0
configure:2315: test -z 
			 || test ! -s conftest.err
configure:2318: $? = 0
configure:2321: test -s conftest.o
configure:2324: $? = 0
configure:2335: result: yes
configure:2352: checking for gcc option to accept ANSI C
configure:2422: gcc  -c   conftest.c >&5
configure:2428: $? = 0
configure:2432: test -z 
			 || test ! -s conftest.err
configure:2435: $? = 0
configure:2438: test -s conftest.o
configure:2441: $? = 0
configure:2459: result: none needed
configure:2477: gcc -c   conftest.c >&5
conftest.c:2: error: expected '=', ',', ';', 'asm' or '__attribute__' before 'me'
configure:2483: $? = 1
configure: failed program was:
| #ifndef __cplusplus
|   choke me
| #endif
configure:2625: checking how to run the C preprocessor
configure:2660: gcc -E  conftest.c
configure:2666: $? = 0
configure:2698: gcc -E  conftest.c
conftest.c:9:28: error: ac_nonexistent.h: No such file or directory
configure:2704: $? = 1
configure: failed program was:
| /* confdefs.h.  */
| 
| #define PACKAGE_NAME "tk"
| #define PACKAGE_TARNAME "tk"
| #define PACKAGE_VERSION "8.5"
| #define PACKAGE_STRING "tk 8.5"
| #define PACKAGE_BUGREPORT ""
| /* end confdefs.h.  */
| #include <ac_nonexistent.h>
configure:2743: result: gcc -E
configure:2767: gcc -E  conftest.c
configure:2773: $? = 0
configure:2805: gcc -E  conftest.c
conftest.c:9:28: error: ac_nonexistent.h: No such file or directory
configure:2811: $? = 1
configure: failed program was:
| /* confdefs.h.  */
| 
| #define PACKAGE_NAME "tk"
| #define PACKAGE_TARNAME "tk"
| #define PACKAGE_VERSION "8.5"
| #define PACKAGE_STRING "tk 8.5"
| #define PACKAGE_BUGREPORT ""
| /* end confdefs.h.  */
| #include <ac_nonexistent.h>
configure:2855: checking for egrep
configure:2865: result: grep -E
configure:2870: checking for ANSI C header files
configure:2895: gcc -c   conftest.c >&5
configure:2901: $? = 0
configure:2905: test -z 
			 || test ! -s conftest.err
configure:2908: $? = 0
configure:2911: test -s conftest.o
configure:2914: $? = 0
configure:3003: gcc -o conftest.exe    conftest.c  >&5
conftest.c: In function 'main':
conftest.c:26: warning: incompatible implicit declaration of built-in function 'exit'
configure:3006: $? = 0
configure:3008: ./conftest.exe
configure:3011: $? = 0
configure:3026: result: yes
configure:3050: checking for sys/types.h
configure:3066: gcc -c   conftest.c >&5
configure:3072: $? = 0
configure:3076: test -z 
			 || test ! -s conftest.err
configure:3079: $? = 0
configure:3082: test -s conftest.o
configure:3085: $? = 0
configure:3096: result: yes
configure:3050: checking for sys/stat.h
configure:3066: gcc -c   conftest.c >&5
configure:3072: $? = 0
configure:3076: test -z 
			 || test ! -s conftest.err
configure:3079: $? = 0
configure:3082: test -s conftest.o
configure:3085: $? = 0
configure:3096: result: yes
configure:3050: checking for stdlib.h
configure:3066: gcc -c   conftest.c >&5
configure:3072: $? = 0
configure:3076: test -z 
			 || test ! -s conftest.err
configure:3079: $? = 0
configure:3082: test -s conftest.o
configure:3085: $? = 0
configure:3096: result: yes
configure:3050: checking for string.h
configure:3066: gcc -c   conftest.c >&5
configure:3072: $? = 0
configure:3076: test -z 
			 || test ! -s conftest.err
configure:3079: $? = 0
configure:3082: test -s conftest.o
configure:3085: $? = 0
configure:3096: result: yes
configure:3050: checking for memory.h
configure:3066: gcc -c   conftest.c >&5
configure:3072: $? = 0
configure:3076: test -z 
			 || test ! -s conftest.err
configure:3079: $? = 0
configure:3082: test -s conftest.o
configure:3085: $? = 0
configure:3096: result: yes
configure:3050: checking for strings.h
configure:3066: gcc -c   conftest.c >&5
configure:3072: $? = 0
configure:3076: test -z 
			 || test ! -s conftest.err
configure:3079: $? = 0
configure:3082: test -s conftest.o
configure:3085: $? = 0
configure:3096: result: yes
configure:3050: checking for inttypes.h
configure:3066: gcc -c   conftest.c >&5
configure:3072: $? = 0
configure:3076: test -z 
			 || test ! -s conftest.err
configure:3079: $? = 0
configure:3082: test -s conftest.o
configure:3085: $? = 0
configure:3096: result: yes
configure:3050: checking for stdint.h
configure:3066: gcc -c   conftest.c >&5
configure:3072: $? = 0
configure:3076: test -z 
			 || test ! -s conftest.err
configure:3079: $? = 0
configure:3082: test -s conftest.o
configure:3085: $? = 0
configure:3096: result: yes
configure:3050: checking for unistd.h
configure:3066: gcc -c   conftest.c >&5
configure:3072: $? = 0
configure:3076: test -z 
			 || test ! -s conftest.err
configure:3079: $? = 0
configure:3082: test -s conftest.o
configure:3085: $? = 0
configure:3096: result: yes
configure:3118: checking limits.h usability
configure:3130: gcc -c   conftest.c >&5
configure:3136: $? = 0
configure:3140: test -z 
			 || test ! -s conftest.err
configure:3143: $? = 0
configure:3146: test -s conftest.o
configure:3149: $? = 0
configure:3159: result: yes
configure:3163: checking limits.h presence
configure:3173: gcc -E  conftest.c
configure:3179: $? = 0
configure:3199: result: yes
configure:3234: checking for limits.h
configure:3241: result: yes
configure:3267: checking for stdlib.h
configure:3272: result: yes
configure:3475: checking if the compiler understands -pipe
configure:3498: gcc -c  -pipe  conftest.c >&5
configure:3504: $? = 0
configure:3508: test -z 
			 || test ! -s conftest.err
configure:3511: $? = 0
configure:3514: test -s conftest.o
configure:3517: $? = 0
configure:3529: result: yes
configure:4448: checking for building with threads
configure:4464: result: no (default)
configure:4475: checking how to build libraries
configure:4497: result: static
configure:4555: checking for ranlib
configure:4571: found /usr/bin/ranlib
configure:4582: result: ranlib
configure:4598: checking if 64bit support is requested
configure:4607: result: no
configure:4612: checking if 64bit Sparc VIS support is requested
configure:4621: result: no
configure:4632: checking if compiler supports visibility "hidden"
configure:4657: gcc -o conftest.exe  -pipe -Werror   conftest.c  >&5
cc1: warnings being treated as errors
conftest.c: In function 'f':
conftest.c:23: error: visibility attribute not supported in this configuration; ignored
configure:4663: $? = 1
configure: failed program was:
| /* confdefs.h.  */
| 
| #define PACKAGE_NAME "tk"
| #define PACKAGE_TARNAME "tk"
| #define PACKAGE_VERSION "8.5"
| #define PACKAGE_STRING "tk 8.5"
| #define PACKAGE_BUGREPORT ""
| #define STDC_HEADERS 1
| #define HAVE_SYS_TYPES_H 1
| #define HAVE_SYS_STAT_H 1
| #define HAVE_STDLIB_H 1
| #define HAVE_STRING_H 1
| #define HAVE_MEMORY_H 1
| #define HAVE_STRINGS_H 1
| #define HAVE_INTTYPES_H 1
| #define HAVE_STDINT_H 1
| #define HAVE_UNISTD_H 1
| #define HAVE_LIMITS_H 1
| #define STATIC_BUILD 1
| /* end confdefs.h.  */
| 
| 	    extern __attribute__((__visibility__("hidden"))) void f(void);
| 	    void f(void) {}
| int
| main ()
| {
| f();
|   ;
|   return 0;
| }
configure:4689: result: no
configure:4704: checking if rpath support is requested
configure:4713: result: yes
configure:4720: checking system version
configure:4748: result: CYGWIN_NT-5.1-1.7.9(0.237/5/3)
configure:4756: checking for dlopen in -ldl
configure:4786: gcc -o conftest.exe  -pipe   conftest.c -ldl   >&5
configure:4792: $? = 0
configure:4796: test -z 
			 || test ! -s conftest.err
configure:4799: $? = 0
configure:4802: test -s conftest.exe
configure:4805: $? = 0
configure:4818: result: yes
configure:4864: checking for ar
configure:4880: found /usr/bin/ar
configure:4890: result: ar
configure:7016: WARNING: Can't figure out how to do dynamic loading or shared libraries on this system.
configure:7152: checking for build with symbols
configure:7166: result: no
configure:7216: checking for required early compiler flags
configure:7239: gcc -c  -pipe  conftest.c >&5
configure:7245: $? = 0
configure:7249: test -z 
			 || test ! -s conftest.err
configure:7252: $? = 0
configure:7255: test -s conftest.o
configure:7258: $? = 0
configure:7344: gcc -c  -pipe  conftest.c >&5
conftest.c: In function 'main':
conftest.c:28: error: storage size of 'buf' isn't known
configure:7350: $? = 1
configure: failed program was:
| /* confdefs.h.  */
| 
| #define PACKAGE_NAME "tk"
| #define PACKAGE_TARNAME "tk"
| #define PACKAGE_VERSION "8.5"
| #define PACKAGE_STRING "tk 8.5"
| #define PACKAGE_BUGREPORT ""
| #define STDC_HEADERS 1
| #define HAVE_SYS_TYPES_H 1
| #define HAVE_SYS_STAT_H 1
| #define HAVE_STDLIB_H 1
| #define HAVE_STRING_H 1
| #define HAVE_MEMORY_H 1
| #define HAVE_STRINGS_H 1
| #define HAVE_INTTYPES_H 1
| #define HAVE_STDINT_H 1
| #define HAVE_UNISTD_H 1
| #define HAVE_LIMITS_H 1
| #define STATIC_BUILD 1
| #define TCL_SHLIB_EXT ""
| #define TCL_CFG_OPTIMIZED 1
| #define TCL_CFG_DEBUG 1
| /* end confdefs.h.  */
| #include <sys/stat.h>
| int
| main ()
| {
| struct stat64 buf; int i = stat64("/", &buf);
|   ;
|   return 0;
| }
configure:7387: gcc -c  -pipe  conftest.c >&5
conftest.c: In function 'main':
conftest.c:29: error: storage size of 'buf' isn't known
configure:7393: $? = 1
configure: failed program was:
| /* confdefs.h.  */
| 
| #define PACKAGE_NAME "tk"
| #define PACKAGE_TARNAME "tk"
| #define PACKAGE_VERSION "8.5"
| #define PACKAGE_STRING "tk 8.5"
| #define PACKAGE_BUGREPORT ""
| #define STDC_HEADERS 1
| #define HAVE_SYS_TYPES_H 1
| #define HAVE_SYS_STAT_H 1
| #define HAVE_STDLIB_H 1
| #define HAVE_STRING_H 1
| #define HAVE_MEMORY_H 1
| #define HAVE_STRINGS_H 1
| #define HAVE_INTTYPES_H 1
| #define HAVE_STDINT_H 1
| #define HAVE_UNISTD_H 1
| #define HAVE_LIMITS_H 1
| #define STATIC_BUILD 1
| #define TCL_SHLIB_EXT ""
| #define TCL_CFG_OPTIMIZED 1
| #define TCL_CFG_DEBUG 1
| /* end confdefs.h.  */
| #define _LARGEFILE64_SOURCE 1
| #include <sys/stat.h>
| int
| main ()
| {
| struct stat64 buf; int i = stat64("/", &buf);
|   ;
|   return 0;
| }
configure:7449: gcc -c  -pipe  conftest.c >&5
conftest.c: In function 'main':
conftest.c:28: error: 'open64' undeclared (first use in this function)
conftest.c:28: error: (Each undeclared identifier is reported only once
conftest.c:28: error: for each function it appears in.)
configure:7455: $? = 1
configure: failed program was:
| /* confdefs.h.  */
| 
| #define PACKAGE_NAME "tk"
| #define PACKAGE_TARNAME "tk"
| #define PACKAGE_VERSION "8.5"
| #define PACKAGE_STRING "tk 8.5"
| #define PACKAGE_BUGREPORT ""
| #define STDC_HEADERS 1
| #define HAVE_SYS_TYPES_H 1
| #define HAVE_SYS_STAT_H 1
| #define HAVE_STDLIB_H 1
| #define HAVE_STRING_H 1
| #define HAVE_MEMORY_H 1
| #define HAVE_STRINGS_H 1
| #define HAVE_INTTYPES_H 1
| #define HAVE_STDINT_H 1
| #define HAVE_UNISTD_H 1
| #define HAVE_LIMITS_H 1
| #define STATIC_BUILD 1
| #define TCL_SHLIB_EXT ""
| #define TCL_CFG_OPTIMIZED 1
| #define TCL_CFG_DEBUG 1
| /* end confdefs.h.  */
| #include <sys/stat.h>
| int
| main ()
| {
| char *p = (char *)open64;
|   ;
|   return 0;
| }
configure:7492: gcc -c  -pipe  conftest.c >&5
conftest.c: In function 'main':
conftest.c:29: error: 'open64' undeclared (first use in this function)
conftest.c:29: error: (Each undeclared identifier is reported only once
conftest.c:29: error: for each function it appears in.)
configure:7498: $? = 1
configure: failed program was:
| /* confdefs.h.  */
| 
| #define PACKAGE_NAME "tk"
| #define PACKAGE_TARNAME "tk"
| #define PACKAGE_VERSION "8.5"
| #define PACKAGE_STRING "tk 8.5"
| #define PACKAGE_BUGREPORT ""
| #define STDC_HEADERS 1
| #define HAVE_SYS_TYPES_H 1
| #define HAVE_SYS_STAT_H 1
| #define HAVE_STDLIB_H 1
| #define HAVE_STRING_H 1
| #define HAVE_MEMORY_H 1
| #define HAVE_STRINGS_H 1
| #define HAVE_INTTYPES_H 1
| #define HAVE_STDINT_H 1
| #define HAVE_UNISTD_H 1
| #define HAVE_LIMITS_H 1
| #define STATIC_BUILD 1
| #define TCL_SHLIB_EXT ""
| #define TCL_CFG_OPTIMIZED 1
| #define TCL_CFG_DEBUG 1
| /* end confdefs.h.  */
| #define _LARGEFILE_SOURCE64 1
| #include <sys/stat.h>
| int
| main ()
| {
| char *p = (char *)open64;
|   ;
|   return 0;
| }
configure:7535: result: none
configure:7544: checking for 64-bit integer type
configure:7568: gcc -c  -pipe  conftest.c >&5
conftest.c: In function 'main':
conftest.c:28: error: '__int64' undeclared (first use in this function)
conftest.c:28: error: (Each undeclared identifier is reported only once
conftest.c:28: error: for each function it appears in.)
conftest.c:28: error: expected ';' before 'value'
configure:7574: $? = 1
configure: failed program was:
| /* confdefs.h.  */
| 
| #define PACKAGE_NAME "tk"
| #define PACKAGE_TARNAME "tk"
| #define PACKAGE_VERSION "8.5"
| #define PACKAGE_STRING "tk 8.5"
| #define PACKAGE_BUGREPORT ""
| #define STDC_HEADERS 1
| #define HAVE_SYS_TYPES_H 1
| #define HAVE_SYS_STAT_H 1
| #define HAVE_STDLIB_H 1
| #define HAVE_STRING_H 1
| #define HAVE_MEMORY_H 1
| #define HAVE_STRINGS_H 1
| #define HAVE_INTTYPES_H 1
| #define HAVE_STDINT_H 1
| #define HAVE_UNISTD_H 1
| #define HAVE_LIMITS_H 1
| #define STATIC_BUILD 1
| #define TCL_SHLIB_EXT ""
| #define TCL_CFG_OPTIMIZED 1
| #define TCL_CFG_DEBUG 1
| /* end confdefs.h.  */
| 
| int
| main ()
| {
| __int64 value = (__int64) 0;
|   ;
|   return 0;
| }
configure:7618: gcc -c  -pipe  conftest.c >&5
configure:7624: $? = 0
configure:7628: test -z 
			 || test ! -s conftest.err
configure:7631: $? = 0
configure:7634: test -s conftest.o
configure:7637: $? = 0
configure:7662: result: long long
configure:7666: checking for struct dirent64
configure:7689: gcc -c  -pipe  conftest.c >&5
conftest.c: In function 'main':
conftest.c:30: error: storage size of 'p' isn't known
configure:7695: $? = 1
configure: failed program was:
| /* confdefs.h.  */
| 
| #define PACKAGE_NAME "tk"
| #define PACKAGE_TARNAME "tk"
| #define PACKAGE_VERSION "8.5"
| #define PACKAGE_STRING "tk 8.5"
| #define PACKAGE_BUGREPORT ""
| #define STDC_HEADERS 1
| #define HAVE_SYS_TYPES_H 1
| #define HAVE_SYS_STAT_H 1
| #define HAVE_STDLIB_H 1
| #define HAVE_STRING_H 1
| #define HAVE_MEMORY_H 1
| #define HAVE_STRINGS_H 1
| #define HAVE_INTTYPES_H 1
| #define HAVE_STDINT_H 1
| #define HAVE_UNISTD_H 1
| #define HAVE_LIMITS_H 1
| #define STATIC_BUILD 1
| #define TCL_SHLIB_EXT ""
| #define TCL_CFG_OPTIMIZED 1
| #define TCL_CFG_DEBUG 1
| #define TCL_WIDE_INT_TYPE long long
| /* end confdefs.h.  */
| #include <sys/types.h>
| #include <sys/dirent.h>
| int
| main ()
| {
| struct dirent64 p;
|   ;
|   return 0;
| }
configure:7719: result: no
configure:7729: checking for struct stat64
configure:7752: gcc -c  -pipe  conftest.c >&5
conftest.c: In function 'main':
conftest.c:29: error: storage size of 'p' isn't known
configure:7758: $? = 1
configure: failed program was:
| /* confdefs.h.  */
| 
| #define PACKAGE_NAME "tk"
| #define PACKAGE_TARNAME "tk"
| #define PACKAGE_VERSION "8.5"
| #define PACKAGE_STRING "tk 8.5"
| #define PACKAGE_BUGREPORT ""
| #define STDC_HEADERS 1
| #define HAVE_SYS_TYPES_H 1
| #define HAVE_SYS_STAT_H 1
| #define HAVE_STDLIB_H 1
| #define HAVE_STRING_H 1
| #define HAVE_MEMORY_H 1
| #define HAVE_STRINGS_H 1
| #define HAVE_INTTYPES_H 1
| #define HAVE_STDINT_H 1
| #define HAVE_UNISTD_H 1
| #define HAVE_LIMITS_H 1
| #define STATIC_BUILD 1
| #define TCL_SHLIB_EXT ""
| #define TCL_CFG_OPTIMIZED 1
| #define TCL_CFG_DEBUG 1
| #define TCL_WIDE_INT_TYPE long long
| /* end confdefs.h.  */
| #include <sys/stat.h>
| int
| main ()
| {
| struct stat64 p;
| 
|   ;
|   return 0;
| }
configure:7782: result: no
configure:7797: checking for open64
configure:7854: gcc -o conftest.exe  -pipe    conftest.c  >&5
/tmp/ccST5QAz.o:conftest.c:(.text+0x1c): undefined reference to `_open64'
/tmp/ccST5QAz.o:conftest.c:(.data+0x0): undefined reference to `_open64'
collect2: ld returned 1 exit status
configure:7860: $? = 1
configure: failed program was:
| /* confdefs.h.  */
| 
| #define PACKAGE_NAME "tk"
| #define PACKAGE_TARNAME "tk"
| #define PACKAGE_VERSION "8.5"
| #define PACKAGE_STRING "tk 8.5"
| #define PACKAGE_BUGREPORT ""
| #define STDC_HEADERS 1
| #define HAVE_SYS_TYPES_H 1
| #define HAVE_SYS_STAT_H 1
| #define HAVE_STDLIB_H 1
| #define HAVE_STRING_H 1
| #define HAVE_MEMORY_H 1
| #define HAVE_STRINGS_H 1
| #define HAVE_INTTYPES_H 1
| #define HAVE_STDINT_H 1
| #define HAVE_UNISTD_H 1
| #define HAVE_LIMITS_H 1
| #define STATIC_BUILD 1
| #define TCL_SHLIB_EXT ""
| #define TCL_CFG_OPTIMIZED 1
| #define TCL_CFG_DEBUG 1
| #define TCL_WIDE_INT_TYPE long long
| /* end confdefs.h.  */
| /* Define open64 to an innocuous variant, in case <limits.h> declares open64.
|    For example, HP-UX 11i <limits.h> declares gettimeofday.  */
| #define open64 innocuous_open64
| 
| /* System header to define __stub macros and hopefully few prototypes,
|     which can conflict with char open64 (); below.
|     Prefer <limits.h> to <assert.h> if __STDC__ is defined, since
|     <limits.h> exists even on freestanding compilers.  */
| 
| #ifdef __STDC__
| # include <limits.h>
| #else
| # include <assert.h>
| #endif
| 
| #undef open64
| 
| /* Override any gcc2 internal prototype to avoid an error.  */
| #ifdef __cplusplus
| extern "C"
| {
| #endif
| /* We use char because int might match the return type of a gcc2
|    builtin and then its argument prototype would still apply.  */
| char open64 ();
| /* The GNU C library defines this for functions which it implements
|     to always fail with ENOSYS.  Some functions are actually named
|     something starting with __ and the normal name is an alias.  */
| #if defined (__stub_open64) || defined (__stub___open64)
| choke me
| #else
| char (*f) () = open64;
| #endif
| #ifdef __cplusplus
| }
| #endif
| 
| int
| main ()
| {
| return f != open64;
|   ;
|   return 0;
| }
configure:7885: result: no
configure:7797: checking for lseek64
configure:7854: gcc -o conftest.exe  -pipe    conftest.c  >&5
/tmp/cckURUUJ.o:conftest.c:(.text+0x1c): undefined reference to `_lseek64'
/tmp/cckURUUJ.o:conftest.c:(.data+0x0): undefined reference to `_lseek64'
collect2: ld returned 1 exit status
configure:7860: $? = 1
configure: failed program was:
| /* confdefs.h.  */
| 
| #define PACKAGE_NAME "tk"
| #define PACKAGE_TARNAME "tk"
| #define PACKAGE_VERSION "8.5"
| #define PACKAGE_STRING "tk 8.5"
| #define PACKAGE_BUGREPORT ""
| #define STDC_HEADERS 1
| #define HAVE_SYS_TYPES_H 1
| #define HAVE_SYS_STAT_H 1
| #define HAVE_STDLIB_H 1
| #define HAVE_STRING_H 1
| #define HAVE_MEMORY_H 1
| #define HAVE_STRINGS_H 1
| #define HAVE_INTTYPES_H 1
| #define HAVE_STDINT_H 1
| #define HAVE_UNISTD_H 1
| #define HAVE_LIMITS_H 1
| #define STATIC_BUILD 1
| #define TCL_SHLIB_EXT ""
| #define TCL_CFG_OPTIMIZED 1
| #define TCL_CFG_DEBUG 1
| #define TCL_WIDE_INT_TYPE long long
| /* end confdefs.h.  */
| /* Define lseek64 to an innocuous variant, in case <limits.h> declares lseek64.
|    For example, HP-UX 11i <limits.h> declares gettimeofday.  */
| #define lseek64 innocuous_lseek64
| 
| /* System header to define __stub macros and hopefully few prototypes,
|     which can conflict with char lseek64 (); below.
|     Prefer <limits.h> to <assert.h> if __STDC__ is defined, since
|     <limits.h> exists even on freestanding compilers.  */
| 
| #ifdef __STDC__
| # include <limits.h>
| #else
| # include <assert.h>
| #endif
| 
| #undef lseek64
| 
| /* Override any gcc2 internal prototype to avoid an error.  */
| #ifdef __cplusplus
| extern "C"
| {
| #endif
| /* We use char because int might match the return type of a gcc2
|    builtin and then its argument prototype would still apply.  */
| char lseek64 ();
| /* The GNU C library defines this for functions which it implements
|     to always fail with ENOSYS.  Some functions are actually named
|     something starting with __ and the normal name is an alias.  */
| #if defined (__stub_lseek64) || defined (__stub___lseek64)
| choke me
| #else
| char (*f) () = lseek64;
| #endif
| #ifdef __cplusplus
| }
| #endif
| 
| int
| main ()
| {
| return f != lseek64;
|   ;
|   return 0;
| }
configure:7885: result: no
configure:7895: checking for off64_t
configure:7918: gcc -c  -pipe  conftest.c >&5
conftest.c: In function 'main':
conftest.c:29: error: 'off64_t' undeclared (first use in this function)
conftest.c:29: error: (Each undeclared identifier is reported only once
conftest.c:29: error: for each function it appears in.)
conftest.c:29: error: expected ';' before 'offset'
configure:7924: $? = 1
configure: failed program was:
| /* confdefs.h.  */
| 
| #define PACKAGE_NAME "tk"
| #define PACKAGE_TARNAME "tk"
| #define PACKAGE_VERSION "8.5"
| #define PACKAGE_STRING "tk 8.5"
| #define PACKAGE_BUGREPORT ""
| #define STDC_HEADERS 1
| #define HAVE_SYS_TYPES_H 1
| #define HAVE_SYS_STAT_H 1
| #define HAVE_STDLIB_H 1
| #define HAVE_STRING_H 1
| #define HAVE_MEMORY_H 1
| #define HAVE_STRINGS_H 1
| #define HAVE_INTTYPES_H 1
| #define HAVE_STDINT_H 1
| #define HAVE_UNISTD_H 1
| #define HAVE_LIMITS_H 1
| #define STATIC_BUILD 1
| #define TCL_SHLIB_EXT ""
| #define TCL_CFG_OPTIMIZED 1
| #define TCL_CFG_DEBUG 1
| #define TCL_WIDE_INT_TYPE long long
| /* end confdefs.h.  */
| #include <sys/types.h>
| int
| main ()
| {
| off64_t offset;
| 
|   ;
|   return 0;
| }
configure:7960: result: no
configure:7970: checking whether byte ordering is bigendian
configure:7997: gcc -c  -pipe  conftest.c >&5
configure:8003: $? = 0
configure:8007: test -z 
			 || test ! -s conftest.err
configure:8010: $? = 0
configure:8013: test -s conftest.o
configure:8016: $? = 0
configure:8040: gcc -c  -pipe  conftest.c >&5
conftest.c: In function 'main':
conftest.c:32: error: 'not' undeclared (first use in this function)
conftest.c:32: error: (Each undeclared identifier is reported only once
conftest.c:32: error: for each function it appears in.)
conftest.c:32: error: expected ';' before 'big'
configure:8046: $? = 1
configure: failed program was:
| /* confdefs.h.  */
| 
| #define PACKAGE_NAME "tk"
| #define PACKAGE_TARNAME "tk"
| #define PACKAGE_VERSION "8.5"
| #define PACKAGE_STRING "tk 8.5"
| #define PACKAGE_BUGREPORT ""
| #define STDC_HEADERS 1
| #define HAVE_SYS_TYPES_H 1
| #define HAVE_SYS_STAT_H 1
| #define HAVE_STDLIB_H 1
| #define HAVE_STRING_H 1
| #define HAVE_MEMORY_H 1
| #define HAVE_STRINGS_H 1
| #define HAVE_INTTYPES_H 1
| #define HAVE_STDINT_H 1
| #define HAVE_UNISTD_H 1
| #define HAVE_LIMITS_H 1
| #define STATIC_BUILD 1
| #define TCL_SHLIB_EXT ""
| #define TCL_CFG_OPTIMIZED 1
| #define TCL_CFG_DEBUG 1
| #define TCL_WIDE_INT_TYPE long long
| /* end confdefs.h.  */
| #include <sys/types.h>
| #include <sys/param.h>
| 
| int
| main ()
| {
| #if BYTE_ORDER != BIG_ENDIAN
|  not big endian
| #endif
| 
|   ;
|   return 0;
| }
configure:8181: result: no
configure:8231: checking for fd_set in sys/types
configure:8253: gcc -c  -pipe  conftest.c >&5
configure:8259: $? = 0
configure:8263: test -z 
			 || test ! -s conftest.err
configure:8266: $? = 0
configure:8269: test -s conftest.o
configure:8272: $? = 0
configure:8283: result: yes
configure:8348: checking sys/time.h usability
configure:8360: gcc -c  -pipe  conftest.c >&5
configure:8366: $? = 0
configure:8370: test -z 
			 || test ! -s conftest.err
configure:8373: $? = 0
configure:8376: test -s conftest.o
configure:8379: $? = 0
configure:8389: result: yes
configure:8393: checking sys/time.h presence
configure:8403: gcc -E  conftest.c
configure:8409: $? = 0
configure:8429: result: yes
configure:8464: checking for sys/time.h
configure:8471: result: yes
configure:8484: checking whether time.h and sys/time.h may both be included
configure:8509: gcc -c  -pipe  conftest.c >&5
configure:8515: $? = 0
configure:8519: test -z 
			 || test ! -s conftest.err
configure:8522: $? = 0
configure:8525: test -s conftest.o
configure:8528: $? = 0
configure:8539: result: yes
configure:8558: checking for strtod
configure:8615: gcc -o conftest.exe  -pipe    conftest.c  >&5
configure:8621: $? = 0
configure:8625: test -z 
			 || test ! -s conftest.err
configure:8628: $? = 0
configure:8631: test -s conftest.exe
configure:8634: $? = 0
configure:8646: result: yes
configure:8655: checking for Solaris2.4/Tru64 strtod bugs
configure:8692: gcc -o conftest.exe  -pipe    conftest.c  >&5
conftest.c: In function 'main':
conftest.c:35: warning: incompatible implicit declaration of built-in function 'exit'
conftest.c:39: warning: incompatible implicit declaration of built-in function 'exit'
conftest.c:43: warning: incompatible implicit declaration of built-in function 'exit'
conftest.c:45: warning: incompatible implicit declaration of built-in function 'exit'
configure:8695: $? = 0
configure:8697: ./conftest.exe
configure:8700: $? = 0
configure:8714: result: ok
configure:8740: checking for mode_t
configure:8764: gcc -c  -pipe  conftest.c >&5
configure:8770: $? = 0
configure:8774: test -z 
			 || test ! -s conftest.err
configure:8777: $? = 0
configure:8780: test -s conftest.o
configure:8783: $? = 0
configure:8794: result: yes
configure:8806: checking for pid_t
configure:8830: gcc -c  -pipe  conftest.c >&5
configure:8836: $? = 0
configure:8840: test -z 
			 || test ! -s conftest.err
configure:8843: $? = 0
configure:8846: test -s conftest.o
configure:8849: $? = 0
configure:8860: result: yes
configure:8872: checking for size_t
configure:8896: gcc -c  -pipe  conftest.c >&5
configure:8902: $? = 0
configure:8906: test -z 
			 || test ! -s conftest.err
configure:8909: $? = 0
configure:8912: test -s conftest.o
configure:8915: $? = 0
configure:8926: result: yes
configure:8938: checking for uid_t in sys/types.h
configure:8961: result: yes
configure:8977: checking for intptr_t
configure:9001: gcc -c  -pipe  conftest.c >&5
configure:9007: $? = 0
configure:9011: test -z 
			 || test ! -s conftest.err
configure:9014: $? = 0
configure:9017: test -s conftest.o
configure:9020: $? = 0
configure:9031: result: yes
configure:9112: checking for uintptr_t
configure:9136: gcc -c  -pipe  conftest.c >&5
configure:9142: $? = 0
configure:9146: test -z 
			 || test ! -s conftest.err
configure:9149: $? = 0
configure:9152: test -s conftest.o
configure:9155: $? = 0
configure:9166: result: yes
configure:9253: checking pw_gecos in struct pwd
configure:9275: gcc -c  -pipe  conftest.c >&5
configure:9281: $? = 0
configure:9285: test -z 
			 || test ! -s conftest.err
configure:9288: $? = 0
configure:9291: test -s conftest.o
configure:9294: $? = 0
configure:9305: result: yes
configure:9814: checking for X
configure:9919: gcc -E  conftest.c
configure:9925: $? = 0
configure:9975: gcc -o conftest.exe  -pipe    conftest.c -lX11  >&5
configure:9981: $? = 0
configure:9985: test -z 
			 || test ! -s conftest.err
configure:9988: $? = 0
configure:9991: test -s conftest.exe
configure:9994: $? = 0
configure:10044: result: libraries , headers 
configure:10059: gcc -E  conftest.c
conftest.c:30:28: error: X11/XIntrinsic.h: No such file or directory
configure:10065: $? = 1
configure: failed program was:
| /* confdefs.h.  */
| 
| #define PACKAGE_NAME "tk"
| #define PACKAGE_TARNAME "tk"
| #define PACKAGE_VERSION "8.5"
| #define PACKAGE_STRING "tk 8.5"
| #define PACKAGE_BUGREPORT ""
| #define STDC_HEADERS 1
| #define HAVE_SYS_TYPES_H 1
| #define HAVE_SYS_STAT_H 1
| #define HAVE_STDLIB_H 1
| #define HAVE_STRING_H 1
| #define HAVE_MEMORY_H 1
| #define HAVE_STRINGS_H 1
| #define HAVE_INTTYPES_H 1
| #define HAVE_STDINT_H 1
| #define HAVE_UNISTD_H 1
| #define HAVE_LIMITS_H 1
| #define STATIC_BUILD 1
| #define TCL_SHLIB_EXT ""
| #define TCL_CFG_OPTIMIZED 1
| #define TCL_CFG_DEBUG 1
| #define TCL_WIDE_INT_TYPE long long
| #define HAVE_SYS_TIME_H 1
| #define TIME_WITH_SYS_TIME 1
| #define HAVE_INTPTR_T 1
| #define HAVE_UINTPTR_T 1
| #define HAVE_PW_GECOS 1
| /* end confdefs.h.  */
| #include <X11/XIntrinsic.h>
configure:10092: checking for X11 header files
configure:10103: gcc -E  conftest.c
configure:10109: $? = 0
configure:10292: checking for main in -lXbsd
configure:10316: gcc -o conftest.exe  -pipe    conftest.c -lXbsd   >&5
/usr/lib/gcc/i686-pc-cygwin/4.3.4/../../../../i686-pc-cygwin/bin/ld: cannot find -lXbsd
collect2: ld returned 1 exit status
configure:10322: $? = 1
configure: failed program was:
| /* confdefs.h.  */
| 
| #define PACKAGE_NAME "tk"
| #define PACKAGE_TARNAME "tk"
| #define PACKAGE_VERSION "8.5"
| #define PACKAGE_STRING "tk 8.5"
| #define PACKAGE_BUGREPORT ""
| #define STDC_HEADERS 1
| #define HAVE_SYS_TYPES_H 1
| #define HAVE_SYS_STAT_H 1
| #define HAVE_STDLIB_H 1
| #define HAVE_STRING_H 1
| #define HAVE_MEMORY_H 1
| #define HAVE_STRINGS_H 1
| #define HAVE_INTTYPES_H 1
| #define HAVE_STDINT_H 1
| #define HAVE_UNISTD_H 1
| #define HAVE_LIMITS_H 1
| #define STATIC_BUILD 1
| #define TCL_SHLIB_EXT ""
| #define TCL_CFG_OPTIMIZED 1
| #define TCL_CFG_DEBUG 1
| #define TCL_WIDE_INT_TYPE long long
| #define HAVE_SYS_TIME_H 1
| #define TIME_WITH_SYS_TIME 1
| #define HAVE_INTPTR_T 1
| #define HAVE_UINTPTR_T 1
| #define HAVE_PW_GECOS 1
| /* end confdefs.h.  */
| 
| 
| int
| main ()
| {
| main ();
|   ;
|   return 0;
| }
configure:10348: result: no
configure:10447: checking whether to try to use XScreenSaver
configure:10457: result: no
configure:10782: checking whether to use xft
configure:10794: result: no
configure:10991: checking whether char is unsigned
configure:11014: gcc -c  -pipe  conftest.c >&5
configure:11020: $? = 0
configure:11024: test -z 
			 || test ! -s conftest.err
configure:11027: $? = 0
configure:11030: test -s conftest.o
configure:11033: $? = 0
configure:11044: result: no
configure:11432: creating ./config.status

## ---------------------- ##
## Running config.status. ##
## ---------------------- ##

This file was extended by tk config.status 8.5, which was
generated by GNU Autoconf 2.59.  Invocation command line was

  CONFIG_FILES    = 
  CONFIG_HEADERS  = 
  CONFIG_LINKS    = 
  CONFIG_COMMANDS = 
  $ ./config.status 

on nourdine-68b549

config.status:736: creating Makefile
config.status:736: creating tkConfig.sh

## ---------------- ##
## Cache variables. ##
## ---------------- ##

ac_cv_c_bigendian=no
ac_cv_c_char_unsigned=no
ac_cv_c_compiler_gnu=yes
ac_cv_c_tclconfig=/home/Noureddine/ns-allinone-2.35-RC7/tcl8.5.8/unix
ac_cv_env_CC_set=
ac_cv_env_CC_value=
ac_cv_env_CFLAGS_set=
ac_cv_env_CFLAGS_value=
ac_cv_env_CPPFLAGS_set=
ac_cv_env_CPPFLAGS_value=
ac_cv_env_CPP_set=
ac_cv_env_CPP_value=
ac_cv_env_LDFLAGS_set=
ac_cv_env_LDFLAGS_value=
ac_cv_env_build_alias_set=
ac_cv_env_build_alias_value=
ac_cv_env_host_alias_set=
ac_cv_env_host_alias_value=
ac_cv_env_target_alias_set=
ac_cv_env_target_alias_value=
ac_cv_exeext=.exe
ac_cv_func_lseek64=no
ac_cv_func_open64=no
ac_cv_func_strtod=yes
ac_cv_have_x='have_x=yes 		ac_x_includes= ac_x_libraries='
ac_cv_header_inttypes_h=yes
ac_cv_header_limits_h=yes
ac_cv_header_memory_h=yes
ac_cv_header_stdc=yes
ac_cv_header_stdint_h=yes
ac_cv_header_stdlib_h=yes
ac_cv_header_string_h=yes
ac_cv_header_strings_h=yes
ac_cv_header_sys_stat_h=yes
ac_cv_header_sys_time_h=yes
ac_cv_header_sys_types_h=yes
ac_cv_header_time=yes
ac_cv_header_unistd_h=yes
ac_cv_lib_Xbsd_main=no
ac_cv_lib_dl_dlopen=yes
ac_cv_objext=o
ac_cv_path_tclsh=/home/Noureddine/ns-allinone-2.35-RC7/bin/tclsh8.5.exe
ac_cv_prog_AR=ar
ac_cv_prog_CPP='gcc -E'
ac_cv_prog_ac_ct_CC=gcc
ac_cv_prog_ac_ct_RANLIB=ranlib
ac_cv_prog_cc_g=yes
ac_cv_prog_cc_stdc=
ac_cv_prog_egrep='grep -E'
ac_cv_type_intptr_t=yes
ac_cv_type_mode_t=yes
ac_cv_type_pid_t=yes
ac_cv_type_size_t=yes
ac_cv_type_uid_t=yes
ac_cv_type_uintptr_t=yes
tcl_cv_cc_pipe=yes
tcl_cv_cc_visibility_hidden=no
tcl_cv_flag__isoc99_source=no
tcl_cv_flag__largefile64_source=no
tcl_cv_flag__largefile_source64=no
tcl_cv_pwd_pw_gecos=yes
tcl_cv_strtod_buggy=ok
tcl_cv_struct_dirent64=no
tcl_cv_struct_stat64=no
tcl_cv_sys_version='CYGWIN_NT-5.1-1.7.9(0.237/5/3)'
tcl_cv_type_64bit='long long'
tcl_cv_type_fd_set=yes
tcl_cv_type_off64_t=no

## ----------------- ##
## Output variables. ##
## ----------------- ##

APP_RSRC_FILE=''
AR='ar'
BUILD_TCLSH='/home/Noureddine/ns-allinone-2.35-RC7/tcl8.5.8/unix/tclsh'
CC='gcc'
CC_SEARCH_FLAGS=''
CFBUNDLELOCALIZATIONS=''
CFLAGS=' -pipe '
CFLAGS_DEBUG='-g'
CFLAGS_DEFAULT='$(CFLAGS_OPTIMIZE)'
CFLAGS_OPTIMIZE='-O'
CFLAGS_WARNING='-Wall'
CPP='gcc -E'
CPPFLAGS=''
DEFS='-DPACKAGE_NAME=\"tk\" -DPACKAGE_TARNAME=\"tk\" -DPACKAGE_VERSION=\"8.5\" -DPACKAGE_STRING=\"tk\ 8.5\" -DPACKAGE_BUGREPORT=\"\" -DSTDC_HEADERS=1 -DHAVE_SYS_TYPES_H=1 -DHAVE_SYS_STAT_H=1 -DHAVE_STDLIB_H=1 -DHAVE_STRING_H=1 -DHAVE_MEMORY_H=1 -DHAVE_STRINGS_H=1 -DHAVE_INTTYPES_H=1 -DHAVE_STDINT_H=1 -DHAVE_UNISTD_H=1 -DHAVE_LIMITS_H=1 -DSTATIC_BUILD=1 -DTCL_SHLIB_EXT=\"\" -DTCL_CFG_OPTIMIZED=1 -DTCL_CFG_DEBUG=1 -DTCL_WIDE_INT_TYPE=long\ long -DHAVE_SYS_TIME_H=1 -DTIME_WITH_SYS_TIME=1 -DHAVE_INTPTR_T=1 -DHAVE_UINTPTR_T=1 -DHAVE_PW_GECOS=1 '
DL_LIBS=''
DL_OBJS='tclLoadNone.o'
ECHO_C=''
ECHO_N='-n'
ECHO_T=''
EGREP='grep -E'
EXEEXT='.exe'
EXTRA_APP_CC_SWITCHES=''
EXTRA_BUILD_HTML=''
EXTRA_CC_SWITCHES=''
EXTRA_INSTALL=''
EXTRA_INSTALL_BINARIES=''
EXTRA_WISH_LIBS=''
HTML_DIR='$(DISTDIR)/html'
INSTALL_LIB='$(INSTALL_LIBRARY) $(LIB_FILE) "$(LIB_INSTALL_DIR)"/$(LIB_FILE) ; (cd "$(LIB_INSTALL_DIR)" ; $(RANLIB) $(LIB_FILE))'
INSTALL_STUB_LIB='$(INSTALL_LIBRARY) $(STUB_LIB_FILE) "$(LIB_INSTALL_DIR)"/$(STUB_LIB_FILE) ; (cd "$(LIB_INSTALL_DIR)" ; $(RANLIB) $(STUB_LIB_FILE))'
LDAIX_SRC=''
LDFLAGS=' '
LDFLAGS_DEBUG=''
LDFLAGS_DEFAULT='$(LDFLAGS_OPTIMIZE)'
LDFLAGS_OPTIMIZE=''
LD_LIBRARY_PATH_VAR='LD_LIBRARY_PATH'
LD_SEARCH_FLAGS=''
LIBOBJS=''
LIBS=''
LIB_RSRC_FILE=''
LOCALES='cs da de el en en_gb eo es fr hu it nl pl pt ru sv'
LTLIBOBJS=''
MAKE_LIB='${STLIB_LD} $@ ${OBJS} ; ${RANLIB} $@'
MAKE_STUB_LIB='${STLIB_LD} $@ ${STUB_LIB_OBJS} ; ${RANLIB} $@'
MAN_FLAGS=''
OBJEXT='o'
PACKAGE_BUGREPORT=''
PACKAGE_NAME='tk'
PACKAGE_STRING='tk 8.5'
PACKAGE_TARNAME='tk'
PACKAGE_VERSION='8.5'
PATH_SEPARATOR=':'
PLAT_OBJS=''
PLAT_SRCS=''
PRIVATE_INCLUDE_DIR='$(includedir)'
RANLIB='ranlib'
REZ=''
REZ_FLAGS=''
SHELL='/bin/sh'
SHLIB_CFLAGS=''
SHLIB_LD=''
SHLIB_LD_LIBS=''
SHLIB_SUFFIX=''
STLIB_LD='${AR} cr'
TCLSH_PROG='/home/Noureddine/ns-allinone-2.35-RC7/bin/tclsh8.5.exe'
TCL_BIN_DIR='/home/Noureddine/ns-allinone-2.35-RC7/tcl8.5.8/unix'
TCL_LIBS='  '
TCL_LIB_FILE='libtcl8.5.a'
TCL_LIB_FLAG='-ltcl8.5'
TCL_LIB_SPEC='-L/home/Noureddine/ns-allinone-2.35-RC7/tcl8.5.8/unix -ltcl8.5'
TCL_PATCH_LEVEL='.8'
TCL_SHLIB_LD_EXTRAS=''
TCL_SRC_DIR='/home/Noureddine/ns-allinone-2.35-RC7/tcl8.5.8'
TCL_STUB_FLAGS=''
TCL_STUB_LIB_FILE='libtclstub8.5.a'
TCL_STUB_LIB_FLAG='-ltclstub8.5'
TCL_STUB_LIB_SPEC='-L/home/Noureddine/ns-allinone-2.35-RC7/tcl8.5.8/unix -ltclstub8.5'
TCL_THREADS='0'
TCL_VERSION='8.5'
TK_BUILD_EXP_FILE=''
TK_BUILD_LIB_SPEC='-L/home/Noureddine/ns-allinone-2.35-RC7/tk8.5.8/unix -ltk8.5'
TK_BUILD_STUB_LIB_PATH='/home/Noureddine/ns-allinone-2.35-RC7/tk8.5.8/unix/libtkstub8.5.a'
TK_BUILD_STUB_LIB_SPEC='-L/home/Noureddine/ns-allinone-2.35-RC7/tk8.5.8/unix -ltkstub8.5'
TK_EXP_FILE=''
TK_INCLUDE_SPEC='-I/home/Noureddine/ns-allinone-2.35-RC7/include'
TK_LIBRARY='$(prefix)/lib/tk$(VERSION)'
TK_LIB_FILE='libtk8.5.a'
TK_LIB_FLAG='-ltk8.5'
TK_LIB_SPEC='-L/home/Noureddine/ns-allinone-2.35-RC7/lib -ltk8.5'
TK_MAJOR_VERSION='8'
TK_MINOR_VERSION='5'
TK_PATCH_LEVEL='.8'
TK_PKG_DIR='tk$(VERSION)'
TK_RSRC_FILE='tk$(VERSION).rsrc'
TK_SHARED_BUILD='0'
TK_SHLIB_LD_EXTRAS=''
TK_SRC_DIR='/home/Noureddine/ns-allinone-2.35-RC7/tk8.5.8'
TK_STUB_LIB_FILE='libtkstub8.5.a'
TK_STUB_LIB_FLAG='-ltkstub8.5'
TK_STUB_LIB_PATH='/home/Noureddine/ns-allinone-2.35-RC7/lib/libtkstub8.5.a'
TK_STUB_LIB_SPEC='-L/home/Noureddine/ns-allinone-2.35-RC7/lib -ltkstub8.5'
TK_VERSION='8.5'
TK_WINDOWINGSYSTEM='X11'
TK_YEAR=''
UNIX_FONT_OBJS='tkUnixFont.o'
WISH_RSRC_FILE='wish$(VERSION).rsrc'
XFT_CFLAGS=''
XFT_LIBS=''
XINCLUDES=''
XLIBSW='-lX11'
ac_ct_CC='gcc'
ac_ct_RANLIB='ranlib'
bindir='${exec_prefix}/bin'
build_alias=''
datadir='${prefix}/share'
exec_prefix='/home/Noureddine/ns-allinone-2.35-RC7'
host_alias=''
includedir='${prefix}/include'
infodir='${prefix}/info'
libdir='/home/Noureddine/ns-allinone-2.35-RC7/lib'
libexecdir='${exec_prefix}/libexec'
localstatedir='${prefix}/var'
mandir='${prefix}/man'
oldincludedir='/usr/include'
prefix='/home/Noureddine/ns-allinone-2.35-RC7'
program_transform_name='s,x,x,'
sbindir='${exec_prefix}/sbin'
sharedstatedir='${prefix}/com'
sysconfdir='${prefix}/etc'
target_alias=''

## ----------- ##
## confdefs.h. ##
## ----------- ##

#define HAVE_INTPTR_T 1
#define HAVE_INTTYPES_H 1
#define HAVE_LIMITS_H 1
#define HAVE_MEMORY_H 1
#define HAVE_PW_GECOS 1
#define HAVE_STDINT_H 1
#define HAVE_STDLIB_H 1
#define HAVE_STRINGS_H 1
#define HAVE_STRING_H 1
#define HAVE_SYS_STAT_H 1
#define HAVE_SYS_TIME_H 1
#define HAVE_SYS_TYPES_H 1
#define HAVE_UINTPTR_T 1
#define HAVE_UNISTD_H 1
#define PACKAGE_BUGREPORT ""
#define PACKAGE_NAME "tk"
#define PACKAGE_STRING "tk 8.5"
#define PACKAGE_TARNAME "tk"
#define PACKAGE_VERSION "8.5"
#define STATIC_BUILD 1
#define STDC_HEADERS 1
#define TCL_CFG_DEBUG 1
#define TCL_CFG_OPTIMIZED 1
#define TCL_SHLIB_EXT ""
#define TCL_WIDE_INT_TYPE long long
#define TIME_WITH_SYS_TIME 1

configure: exit 0
